[0607/212236.582:ERROR:process_reader_win.cc(114)] NtOpenThread: {Отказано в доступе} Процесс запросил доступ к объекту, но права на доступ не предоставлены.  (0xc0000022)
[0607/212236.610:ERROR:exception_snapshot_win.cc(87)] thread ID 7044 not found in process
[0607/212236.610:WARNING:crash_report_exception_handler.cc(60)] ProcessSnapshotWin::Initialize failed
[0607/215443.140:ERROR:process_reader_win.cc(114)] NtOpenThread: {Отказано в доступе} Процесс запросил доступ к объекту, но права на доступ не предоставлены.  (0xc0000022)
[0607/215443.678:ERROR:exception_snapshot_win.cc(87)] thread ID 5544 not found in process
[0607/215443.678:WARNING:crash_report_exception_handler.cc(60)] ProcessSnapshotWin::Initialize failed
[0607/215722.554:ERROR:process_reader_win.cc(142)] SuspendThread: Отказано в доступе. (0x5)
[0607/215722.555:ERROR:process_reader_win.cc(142)] SuspendThread: Отказано в доступе. (0x5)
[0607/215722.555:ERROR:process_reader_win.cc(114)] NtOpenThread: {Отказано в доступе} Процесс запросил доступ к объекту, но права на доступ не предоставлены.  (0xc0000022)
[0607/215722.555:ERROR:exception_snapshot_win.cc(87)] thread ID 2572 not found in process
[0607/215722.555:WARNING:crash_report_exception_handler.cc(60)] ProcessSnapshotWin::Initialize failed
[0608/053249.149:ERROR:process_reader_win.cc(114)] NtOpenThread: {Отказано в доступе} Процесс запросил доступ к объекту, но права на доступ не предоставлены.  (0xc0000022)
[0608/053249.549:ERROR:exception_snapshot_win.cc(87)] thread ID 6156 not found in process
[0608/053249.549:WARNING:crash_report_exception_handler.cc(60)] ProcessSnapshotWin::Initialize failed
[0611/005455.892:ERROR:process_reader_win.cc(114)] NtOpenThread: {Отказано в доступе} Процесс запросил доступ к объекту, но права на доступ не предоставлены.  (0xc0000022)
[0611/005455.951:ERROR:exception_snapshot_win.cc(87)] thread ID 5720 not found in process
[0611/005455.951:WARNING:crash_report_exception_handler.cc(60)] ProcessSnapshotWin::Initialize failed
[0611/010534.213:ERROR:process_reader_win.cc(142)] SuspendThread: Отказано в доступе. (0x5)
[0611/010534.214:ERROR:process_reader_win.cc(142)] SuspendThread: Отказано в доступе. (0x5)
[0611/010534.214:ERROR:process_reader_win.cc(142)] SuspendThread: Отказано в доступе. (0x5)
[0611/010534.214:ERROR:process_reader_win.cc(142)] SuspendThread: Отказано в доступе. (0x5)
[0611/010534.214:ERROR:process_reader_win.cc(114)] NtOpenThread: {Отказано в доступе} Процесс запросил доступ к объекту, но права на доступ не предоставлены.  (0xc0000022)
[0611/010534.214:ERROR:exception_snapshot_win.cc(87)] thread ID 4632 not found in process
[0611/010534.214:WARNING:crash_report_exception_handler.cc(60)] ProcessSnapshotWin::Initialize failed
[0611/013620.849:ERROR:process_reader_win.cc(114)] NtOpenThread: {Отказано в доступе} Процесс запросил доступ к объекту, но права на доступ не предоставлены.  (0xc0000022)
[0611/013620.888:ERROR:exception_snapshot_win.cc(87)] thread ID 9140 not found in process
[0611/013620.888:WARNING:crash_report_exception_handler.cc(60)] ProcessSnapshotWin::Initialize failed
[0611/013632.283:ERROR:process_reader_win.cc(114)] NtOpenThread: {Отказано в доступе} Процесс запросил доступ к объекту, но права на доступ не предоставлены.  (0xc0000022)
[0611/013632.284:ERROR:exception_snapshot_win.cc(87)] thread ID 1056 not found in process
[0611/013632.284:WARNING:crash_report_exception_handler.cc(60)] ProcessSnapshotWin::Initialize failed
[0611/013633.799:ERROR:process_reader_win.cc(114)] NtOpenThread: {Отказано в доступе} Процесс запросил доступ к объекту, но права на доступ не предоставлены.  (0xc0000022)
[0611/013633.799:ERROR:exception_snapshot_win.cc(87)] thread ID 7940 not found in process
[0611/013633.799:WARNING:crash_report_exception_handler.cc(60)] ProcessSnapshotWin::Initialize failed
[0611/013635.367:ERROR:process_reader_win.cc(114)] NtOpenThread: {Отказано в доступе} Процесс запросил доступ к объекту, но права на доступ не предоставлены.  (0xc0000022)
[0611/013635.368:ERROR:exception_snapshot_win.cc(87)] thread ID 1880 not found in process
[0611/013635.368:WARNING:crash_report_exception_handler.cc(60)] ProcessSnapshotWin::Initialize failed
[0611/013839.502:ERROR:process_reader_win.cc(114)] NtOpenThread: {Отказано в доступе} Процесс запросил доступ к объекту, но права на доступ не предоставлены.  (0xc0000022)
[0611/013839.503:ERROR:exception_snapshot_win.cc(87)] thread ID 5028 not found in process
[0611/013839.503:WARNING:crash_report_exception_handler.cc(60)] ProcessSnapshotWin::Initialize failed
[0611/024557.837:ERROR:process_reader_win.cc(114)] NtOpenThread: {Отказано в доступе} Процесс запросил доступ к объекту, но права на доступ не предоставлены.  (0xc0000022)
[0611/024557.918:ERROR:exception_snapshot_win.cc(87)] thread ID 3116 not found in process
[0611/024557.919:WARNING:crash_report_exception_handler.cc(60)] ProcessSnapshotWin::Initialize failed
[0611/024559.679:ERROR:process_reader_win.cc(142)] SuspendThread: Отказано в доступе. (0x5)
[0611/024559.680:ERROR:process_reader_win.cc(142)] SuspendThread: Отказано в доступе. (0x5)
[0611/024559.680:ERROR:process_reader_win.cc(142)] SuspendThread: Отказано в доступе. (0x5)
[0611/024559.680:ERROR:process_reader_win.cc(142)] SuspendThread: Отказано в доступе. (0x5)
[0611/024559.680:ERROR:process_reader_win.cc(142)] SuspendThread: Отказано в доступе. (0x5)
[0611/024559.680:ERROR:process_reader_win.cc(142)] SuspendThread: Отказано в доступе. (0x5)
[0611/024559.680:ERROR:process_reader_win.cc(142)] SuspendThread: Отказано в доступе. (0x5)
[0611/024559.680:ERROR:process_reader_win.cc(142)] SuspendThread: Отказано в доступе. (0x5)
[0611/024559.680:ERROR:process_reader_win.cc(142)] SuspendThread: Отказано в доступе. (0x5)
[0611/024559.680:ERROR:process_reader_win.cc(142)] SuspendThread: Отказано в доступе. (0x5)
[0611/024559.680:ERROR:process_reader_win.cc(142)] SuspendThread: Отказано в доступе. (0x5)
[0611/024559.680:ERROR:process_reader_win.cc(142)] SuspendThread: Отказано в доступе. (0x5)
[0611/024559.680:ERROR:process_reader_win.cc(142)] SuspendThread: Отказано в доступе. (0x5)
[0611/024559.680:ERROR:process_reader_win.cc(142)] SuspendThread: Отказано в доступе. (0x5)
[0611/024559.680:ERROR:process_reader_win.cc(142)] SuspendThread: Отказано в доступе. (0x5)
[0611/024559.680:ERROR:process_reader_win.cc(114)] NtOpenThread: {Отказано в доступе} Процесс запросил доступ к объекту, но права на доступ не предоставлены.  (0xc0000022)
[0611/024559.680:ERROR:exception_snapshot_win.cc(87)] thread ID 2492 not found in process
[0611/024559.680:WARNING:crash_report_exception_handler.cc(60)] ProcessSnapshotWin::Initialize failed
[0611/024601.618:ERROR:process_reader_win.cc(114)] NtOpenThread: {Отказано в доступе} Процесс запросил доступ к объекту, но права на доступ не предоставлены.  (0xc0000022)
[0611/024601.619:ERROR:exception_snapshot_win.cc(87)] thread ID 8864 not found in process
[0611/024601.619:WARNING:crash_report_exception_handler.cc(60)] ProcessSnapshotWin::Initialize failed
[0611/024603.212:ERROR:process_reader_win.cc(114)] NtOpenThread: {Отказано в доступе} Процесс запросил доступ к объекту, но права на доступ не предоставлены.  (0xc0000022)
[0611/024603.212:ERROR:exception_snapshot_win.cc(87)] thread ID 6648 not found in process
[0611/024603.212:WARNING:crash_report_exception_handler.cc(60)] ProcessSnapshotWin::Initialize failed
[0611/030325.673:ERROR:process_reader_win.cc(114)] NtOpenThread: {Отказано в доступе} Процесс запросил доступ к объекту, но права на доступ не предоставлены.  (0xc0000022)
[0611/030325.674:ERROR:exception_snapshot_win.cc(87)] thread ID 4128 not found in process
[0611/030325.674:WARNING:crash_report_exception_handler.cc(60)] ProcessSnapshotWin::Initialize failed
[0611/030327.204:ERROR:process_reader_win.cc(114)] NtOpenThread: {Отказано в доступе} Процесс запросил доступ к объекту, но права на доступ не предоставлены.  (0xc0000022)
[0611/030327.204:ERROR:exception_snapshot_win.cc(87)] thread ID 3456 not found in process
[0611/030327.204:WARNING:crash_report_exception_handler.cc(60)] ProcessSnapshotWin::Initialize failed
[0611/031615.622:ERROR:process_reader_win.cc(114)] NtOpenThread: {Отказано в доступе} Процесс запросил доступ к объекту, но права на доступ не предоставлены.  (0xc0000022)
[0611/031615.623:ERROR:exception_snapshot_win.cc(87)] thread ID 7220 not found in process
[0611/031615.623:WARNING:crash_report_exception_handler.cc(60)] ProcessSnapshotWin::Initialize failed
[0611/032104.821:ERROR:process_reader_win.cc(114)] NtOpenThread: {Отказано в доступе} Процесс запросил доступ к объекту, но права на доступ не предоставлены.  (0xc0000022)
[0611/032104.822:ERROR:exception_snapshot_win.cc(87)] thread ID 6352 not found in process
[0611/032104.822:WARNING:crash_report_exception_handler.cc(60)] ProcessSnapshotWin::Initialize failed
[0611/035026.361:ERROR:process_reader_win.cc(142)] SuspendThread: Отказано в доступе. (0x5)
[0611/035026.444:ERROR:process_reader_win.cc(142)] SuspendThread: Отказано в доступе. (0x5)
[0611/035026.444:ERROR:process_reader_win.cc(142)] SuspendThread: Отказано в доступе. (0x5)
[0611/035026.444:ERROR:process_reader_win.cc(142)] SuspendThread: Отказано в доступе. (0x5)
[0611/035026.444:ERROR:process_reader_win.cc(142)] SuspendThread: Отказано в доступе. (0x5)
[0611/035026.444:ERROR:process_reader_win.cc(142)] SuspendThread: Отказано в доступе. (0x5)
[0611/035026.444:ERROR:process_reader_win.cc(142)] SuspendThread: Отказано в доступе. (0x5)
[0611/035026.444:ERROR:process_reader_win.cc(142)] SuspendThread: Отказано в доступе. (0x5)
[0611/035026.444:ERROR:process_reader_win.cc(142)] SuspendThread: Отказано в доступе. (0x5)
[0611/035026.444:ERROR:process_reader_win.cc(142)] SuspendThread: Отказано в доступе. (0x5)
[0611/035026.444:ERROR:process_reader_win.cc(142)] SuspendThread: Отказано в доступе. (0x5)
[0611/035026.444:ERROR:process_reader_win.cc(142)] SuspendThread: Отказано в доступе. (0x5)
[0611/035026.444:ERROR:process_reader_win.cc(142)] SuspendThread: Отказано в доступе. (0x5)
[0611/035026.444:ERROR:process_reader_win.cc(142)] SuspendThread: Отказано в доступе. (0x5)
[0611/035026.444:ERROR:process_reader_win.cc(142)] SuspendThread: Отказано в доступе. (0x5)
[0611/035026.444:ERROR:process_reader_win.cc(114)] NtOpenThread: {Отказано в доступе} Процесс запросил доступ к объекту, но права на доступ не предоставлены.  (0xc0000022)
[0611/035026.464:ERROR:exception_snapshot_win.cc(87)] thread ID 7876 not found in process
[0611/035026.464:WARNING:crash_report_exception_handler.cc(60)] ProcessSnapshotWin::Initialize failed
[0611/035323.584:ERROR:process_reader_win.cc(114)] NtOpenThread: {Отказано в доступе} Процесс запросил доступ к объекту, но права на доступ не предоставлены.  (0xc0000022)
[0611/035323.585:ERROR:exception_snapshot_win.cc(87)] thread ID 5936 not found in process
[0611/035323.585:WARNING:crash_report_exception_handler.cc(60)] ProcessSnapshotWin::Initialize failed
[0611/053910.911:ERROR:process_reader_win.cc(114)] NtOpenThread: {Отказано в доступе} Процесс запросил доступ к объекту, но права на доступ не предоставлены.  (0xc0000022)
[0611/053911.024:ERROR:exception_snapshot_win.cc(87)] thread ID 4768 not found in process
[0611/053911.024:WARNING:crash_report_exception_handler.cc(60)] ProcessSnapshotWin::Initialize failed
[0616/004233.199:ERROR:process_reader_win.cc(114)] NtOpenThread: {Отказано в доступе} Процесс запросил доступ к объекту, но права на доступ не предоставлены.  (0xc0000022)
[0616/004233.216:ERROR:exception_snapshot_win.cc(87)] thread ID 10756 not found in process
[0616/004233.218:WARNING:crash_report_exception_handler.cc(60)] ProcessSnapshotWin::Initialize failed
[0616/014044.097:ERROR:process_reader_win.cc(114)] NtOpenThread: {Отказано в доступе} Процесс запросил доступ к объекту, но права на доступ не предоставлены.  (0xc0000022)
[0616/014044.097:ERROR:exception_snapshot_win.cc(87)] thread ID 2516 not found in process
[0616/014044.097:WARNING:crash_report_exception_handler.cc(60)] ProcessSnapshotWin::Initialize failed
[0616/014044.917:ERROR:process_reader_win.cc(114)] NtOpenThread: {Отказано в доступе} Процесс запросил доступ к объекту, но права на доступ не предоставлены.  (0xc0000022)
[0616/014044.917:ERROR:exception_snapshot_win.cc(87)] thread ID 16340 not found in process
[0616/014044.924:WARNING:crash_report_exception_handler.cc(60)] ProcessSnapshotWin::Initialize failed
[0616/014045.940:ERROR:process_reader_win.cc(114)] NtOpenThread: {Отказано в доступе} Процесс запросил доступ к объекту, но права на доступ не предоставлены.  (0xc0000022)
[0616/014045.941:ERROR:exception_snapshot_win.cc(87)] thread ID 11188 not found in process
[0616/014045.941:WARNING:crash_report_exception_handler.cc(60)] ProcessSnapshotWin::Initialize failed
[0616/014046.834:ERROR:process_reader_win.cc(114)] NtOpenThread: {Отказано в доступе} Процесс запросил доступ к объекту, но права на доступ не предоставлены.  (0xc0000022)
[0616/014046.834:ERROR:exception_snapshot_win.cc(87)] thread ID 14728 not found in process
[0616/014046.834:WARNING:crash_report_exception_handler.cc(60)] ProcessSnapshotWin::Initialize failed
[0619/002957.362:ERROR:process_reader_win.cc(114)] NtOpenThread: {Отказано в доступе} Процесс запросил доступ к объекту, но права на доступ не предоставлены.  (0xc0000022)
[0619/002957.374:ERROR:exception_snapshot_win.cc(87)] thread ID 16916 not found in process
[0619/002957.374:WARNING:crash_report_exception_handler.cc(60)] ProcessSnapshotWin::Initialize failed
[0619/002958.444:ERROR:process_reader_win.cc(114)] NtOpenThread: {Отказано в доступе} Процесс запросил доступ к объекту, но права на доступ не предоставлены.  (0xc0000022)
[0619/002958.445:ERROR:exception_snapshot_win.cc(87)] thread ID 16944 not found in process
[0619/002958.445:WARNING:crash_report_exception_handler.cc(60)] ProcessSnapshotWin::Initialize failed
[0619/002959.416:ERROR:process_reader_win.cc(114)] NtOpenThread: {Отказано в доступе} Процесс запросил доступ к объекту, но права на доступ не предоставлены.  (0xc0000022)
[0619/002959.417:ERROR:exception_snapshot_win.cc(87)] thread ID 16960 not found in process
[0619/002959.417:WARNING:crash_report_exception_handler.cc(60)] ProcessSnapshotWin::Initialize failed
[0619/003000.234:ERROR:process_reader_win.cc(114)] NtOpenThread: {Отказано в доступе} Процесс запросил доступ к объекту, но права на доступ не предоставлены.  (0xc0000022)
[0619/003000.235:ERROR:exception_snapshot_win.cc(87)] thread ID 16972 not found in process
[0619/003000.235:WARNING:crash_report_exception_handler.cc(60)] ProcessSnapshotWin::Initialize failed
[0619/005455.301:ERROR:process_reader_win.cc(114)] NtOpenThread: {Отказано в доступе} Процесс запросил доступ к объекту, но права на доступ не предоставлены.  (0xc0000022)
[0619/005455.302:ERROR:exception_snapshot_win.cc(87)] thread ID 16140 not found in process
[0619/005455.302:WARNING:crash_report_exception_handler.cc(60)] ProcessSnapshotWin::Initialize failed
[0619/005456.290:ERROR:process_reader_win.cc(114)] NtOpenThread: {Отказано в доступе} Процесс запросил доступ к объекту, но права на доступ не предоставлены.  (0xc0000022)
[0619/005456.291:ERROR:exception_snapshot_win.cc(87)] thread ID 9736 not found in process
[0619/005456.291:WARNING:crash_report_exception_handler.cc(60)] ProcessSnapshotWin::Initialize failed
[0619/005457.092:ERROR:process_reader_win.cc(114)] NtOpenThread: {Отказано в доступе} Процесс запросил доступ к объекту, но права на доступ не предоставлены.  (0xc0000022)
[0619/005457.092:ERROR:exception_snapshot_win.cc(87)] thread ID 13348 not found in process
[0619/005457.092:WARNING:crash_report_exception_handler.cc(60)] ProcessSnapshotWin::Initialize failed
[0619/005457.940:ERROR:process_reader_win.cc(114)] NtOpenThread: {Отказано в доступе} Процесс запросил доступ к объекту, но права на доступ не предоставлены.  (0xc0000022)
[0619/005457.941:ERROR:exception_snapshot_win.cc(87)] thread ID 16804 not found in process
[0619/005457.941:WARNING:crash_report_exception_handler.cc(60)] ProcessSnapshotWin::Initialize failed
[0619/011126.707:ERROR:process_reader_win.cc(114)] NtOpenThread: {Отказано в доступе} Процесс запросил доступ к объекту, но права на доступ не предоставлены.  (0xc0000022)
[0619/011126.707:ERROR:exception_snapshot_win.cc(87)] thread ID 10076 not found in process
[0619/011126.707:WARNING:crash_report_exception_handler.cc(60)] ProcessSnapshotWin::Initialize failed
[0619/014629.823:ERROR:process_reader_win.cc(114)] NtOpenThread: {Отказано в доступе} Процесс запросил доступ к объекту, но права на доступ не предоставлены.  (0xc0000022)
[0619/014629.823:ERROR:exception_snapshot_win.cc(87)] thread ID 12160 not found in process
[0619/014629.823:WARNING:crash_report_exception_handler.cc(60)] ProcessSnapshotWin::Initialize failed
[0619/014630.658:ERROR:process_reader_win.cc(114)] NtOpenThread: {Отказано в доступе} Процесс запросил доступ к объекту, но права на доступ не предоставлены.  (0xc0000022)
[0619/014630.658:ERROR:exception_snapshot_win.cc(87)] thread ID 14184 not found in process
[0619/014630.658:WARNING:crash_report_exception_handler.cc(60)] ProcessSnapshotWin::Initialize failed
[0619/014631.511:ERROR:process_reader_win.cc(114)] NtOpenThread: {Отказано в доступе} Процесс запросил доступ к объекту, но права на доступ не предоставлены.  (0xc0000022)
[0619/014631.511:ERROR:exception_snapshot_win.cc(87)] thread ID 15280 not found in process
[0619/014631.511:WARNING:crash_report_exception_handler.cc(60)] ProcessSnapshotWin::Initialize failed
[0619/020919.079:ERROR:process_reader_win.cc(114)] NtOpenThread: {Отказано в доступе} Процесс запросил доступ к объекту, но права на доступ не предоставлены.  (0xc0000022)
[0619/020919.080:ERROR:exception_snapshot_win.cc(87)] thread ID 17108 not found in process
[0619/020919.080:WARNING:crash_report_exception_handler.cc(60)] ProcessSnapshotWin::Initialize failed
[0619/020919.805:ERROR:process_reader_win.cc(114)] NtOpenThread: {Отказано в доступе} Процесс запросил доступ к объекту, но права на доступ не предоставлены.  (0xc0000022)
[0619/020919.805:ERROR:exception_snapshot_win.cc(87)] thread ID 14096 not found in process
[0619/020919.805:WARNING:crash_report_exception_handler.cc(60)] ProcessSnapshotWin::Initialize failed
[0619/020920.778:ERROR:process_reader_win.cc(114)] NtOpenThread: {Отказано в доступе} Процесс запросил доступ к объекту, но права на доступ не предоставлены.  (0xc0000022)
[0619/020920.778:ERROR:exception_snapshot_win.cc(87)] thread ID 17372 not found in process
[0619/020920.778:WARNING:crash_report_exception_handler.cc(60)] ProcessSnapshotWin::Initialize failed
[0619/023243.335:ERROR:process_reader_win.cc(114)] NtOpenThread: {Отказано в доступе} Процесс запросил доступ к объекту, но права на доступ не предоставлены.  (0xc0000022)
[0619/023243.336:ERROR:exception_snapshot_win.cc(87)] thread ID 17540 not found in process
[0619/023243.336:WARNING:crash_report_exception_handler.cc(60)] ProcessSnapshotWin::Initialize failed
[0619/023244.151:ERROR:process_reader_win.cc(114)] NtOpenThread: {Отказано в доступе} Процесс запросил доступ к объекту, но права на доступ не предоставлены.  (0xc0000022)
[0619/023244.151:ERROR:exception_snapshot_win.cc(87)] thread ID 12060 not found in process
[0619/023244.151:WARNING:crash_report_exception_handler.cc(60)] ProcessSnapshotWin::Initialize failed
[0619/023245.039:ERROR:process_reader_win.cc(114)] NtOpenThread: {Отказано в доступе} Процесс запросил доступ к объекту, но права на доступ не предоставлены.  (0xc0000022)
[0619/023245.039:ERROR:exception_snapshot_win.cc(87)] thread ID 428 not found in process
[0619/023245.039:WARNING:crash_report_exception_handler.cc(60)] ProcessSnapshotWin::Initialize failed
[0619/023246.030:ERROR:process_reader_win.cc(114)] NtOpenThread: {Отказано в доступе} Процесс запросил доступ к объекту, но права на доступ не предоставлены.  (0xc0000022)
[0619/023246.031:ERROR:exception_snapshot_win.cc(87)] thread ID 7420 not found in process
[0619/023246.031:WARNING:crash_report_exception_handler.cc(60)] ProcessSnapshotWin::Initialize failed
[0619/023246.936:ERROR:process_reader_win.cc(114)] NtOpenThread: {Отказано в доступе} Процесс запросил доступ к объекту, но права на доступ не предоставлены.  (0xc0000022)
[0619/023246.937:ERROR:exception_snapshot_win.cc(87)] thread ID 4048 not found in process
[0619/023246.937:WARNING:crash_report_exception_handler.cc(60)] ProcessSnapshotWin::Initialize failed
[0619/023247.935:ERROR:process_reader_win.cc(114)] NtOpenThread: {Отказано в доступе} Процесс запросил доступ к объекту, но права на доступ не предоставлены.  (0xc0000022)
[0619/023247.935:ERROR:exception_snapshot_win.cc(87)] thread ID 10992 not found in process
[0619/023247.935:WARNING:crash_report_exception_handler.cc(60)] ProcessSnapshotWin::Initialize failed
[0619/023249.001:ERROR:process_reader_win.cc(114)] NtOpenThread: {Отказано в доступе} Процесс запросил доступ к объекту, но права на доступ не предоставлены.  (0xc0000022)
[0619/023249.001:ERROR:exception_snapshot_win.cc(87)] thread ID 14824 not found in process
[0619/023249.001:WARNING:crash_report_exception_handler.cc(60)] ProcessSnapshotWin::Initialize failed
[0619/024000.056:ERROR:process_reader_win.cc(114)] NtOpenThread: {Отказано в доступе} Процесс запросил доступ к объекту, но права на доступ не предоставлены.  (0xc0000022)
[0619/024000.056:ERROR:exception_snapshot_win.cc(87)] thread ID 13988 not found in process
[0619/024000.056:WARNING:crash_report_exception_handler.cc(60)] ProcessSnapshotWin::Initialize failed
[0619/024000.936:ERROR:process_reader_win.cc(114)] NtOpenThread: {Отказано в доступе} Процесс запросил доступ к объекту, но права на доступ не предоставлены.  (0xc0000022)
[0619/024000.937:ERROR:exception_snapshot_win.cc(87)] thread ID 5640 not found in process
[0619/024000.937:WARNING:crash_report_exception_handler.cc(60)] ProcessSnapshotWin::Initialize failed
[0619/024001.832:ERROR:process_reader_win.cc(114)] NtOpenThread: {Отказано в доступе} Процесс запросил доступ к объекту, но права на доступ не предоставлены.  (0xc0000022)
[0619/024001.832:ERROR:exception_snapshot_win.cc(87)] thread ID 2520 not found in process
[0619/024001.832:WARNING:crash_report_exception_handler.cc(60)] ProcessSnapshotWin::Initialize failed
[0619/024003.820:ERROR:process_reader_win.cc(114)] NtOpenThread: {Отказано в доступе} Процесс запросил доступ к объекту, но права на доступ не предоставлены.  (0xc0000022)
[0619/024003.820:ERROR:exception_snapshot_win.cc(87)] thread ID 14452 not found in process
[0619/024003.820:WARNING:crash_report_exception_handler.cc(60)] ProcessSnapshotWin::Initialize failed
[0619/030759.858:ERROR:process_reader_win.cc(114)] NtOpenThread: {Отказано в доступе} Процесс запросил доступ к объекту, но права на доступ не предоставлены.  (0xc0000022)
[0619/030759.859:ERROR:exception_snapshot_win.cc(87)] thread ID 17940 not found in process
[0619/030759.859:WARNING:crash_report_exception_handler.cc(60)] ProcessSnapshotWin::Initialize failed
[0619/030800.710:ERROR:process_reader_win.cc(114)] NtOpenThread: {Отказано в доступе} Процесс запросил доступ к объекту, но права на доступ не предоставлены.  (0xc0000022)
[0619/030800.710:ERROR:exception_snapshot_win.cc(87)] thread ID 16216 not found in process
[0619/030800.710:WARNING:crash_report_exception_handler.cc(60)] ProcessSnapshotWin::Initialize failed
[0619/030801.583:ERROR:process_reader_win.cc(114)] NtOpenThread: {Отказано в доступе} Процесс запросил доступ к объекту, но права на доступ не предоставлены.  (0xc0000022)
[0619/030801.583:ERROR:exception_snapshot_win.cc(87)] thread ID 17396 not found in process
[0619/030801.583:WARNING:crash_report_exception_handler.cc(60)] ProcessSnapshotWin::Initialize failed
[0619/030802.470:ERROR:process_reader_win.cc(114)] NtOpenThread: {Отказано в доступе} Процесс запросил доступ к объекту, но права на доступ не предоставлены.  (0xc0000022)
[0619/030802.470:ERROR:exception_snapshot_win.cc(87)] thread ID 16632 not found in process
[0619/030802.470:WARNING:crash_report_exception_handler.cc(60)] ProcessSnapshotWin::Initialize failed
[0619/030803.558:ERROR:process_reader_win.cc(114)] NtOpenThread: {Отказано в доступе} Процесс запросил доступ к объекту, но права на доступ не предоставлены.  (0xc0000022)
[0619/030803.559:ERROR:exception_snapshot_win.cc(87)] thread ID 11100 not found in process
[0619/030803.559:WARNING:crash_report_exception_handler.cc(60)] ProcessSnapshotWin::Initialize failed
[0619/034901.399:ERROR:process_reader_win.cc(114)] NtOpenThread: {Отказано в доступе} Процесс запросил доступ к объекту, но права на доступ не предоставлены.  (0xc0000022)
[0619/034901.400:ERROR:exception_snapshot_win.cc(87)] thread ID 15512 not found in process
[0619/034901.400:WARNING:crash_report_exception_handler.cc(60)] ProcessSnapshotWin::Initialize failed
[0619/034902.426:ERROR:process_reader_win.cc(114)] NtOpenThread: {Отказано в доступе} Процесс запросил доступ к объекту, но права на доступ не предоставлены.  (0xc0000022)
[0619/034902.426:ERROR:exception_snapshot_win.cc(87)] thread ID 12272 not found in process
[0619/034902.426:WARNING:crash_report_exception_handler.cc(60)] ProcessSnapshotWin::Initialize failed
[0619/034903.380:ERROR:process_reader_win.cc(114)] NtOpenThread: {Отказано в доступе} Процесс запросил доступ к объекту, но права на доступ не предоставлены.  (0xc0000022)
[0619/034903.380:ERROR:exception_snapshot_win.cc(87)] thread ID 1144 not found in process
[0619/034903.380:WARNING:crash_report_exception_handler.cc(60)] ProcessSnapshotWin::Initialize failed
[0619/034904.213:ERROR:process_reader_win.cc(114)] NtOpenThread: {Отказано в доступе} Процесс запросил доступ к объекту, но права на доступ не предоставлены.  (0xc0000022)
[0619/034904.213:ERROR:exception_snapshot_win.cc(87)] thread ID 19116 not found in process
[0619/034904.214:WARNING:crash_report_exception_handler.cc(60)] ProcessSnapshotWin::Initialize failed
[0619/034905.530:ERROR:process_reader_win.cc(114)] NtOpenThread: {Отказано в доступе} Процесс запросил доступ к объекту, но права на доступ не предоставлены.  (0xc0000022)
[0619/034905.531:ERROR:exception_snapshot_win.cc(87)] thread ID 18812 not found in process
[0619/034905.531:WARNING:crash_report_exception_handler.cc(60)] ProcessSnapshotWin::Initialize failed
[0619/034913.965:ERROR:process_reader_win.cc(114)] NtOpenThread: {Отказано в доступе} Процесс запросил доступ к объекту, но права на доступ не предоставлены.  (0xc0000022)
[0619/034913.965:ERROR:exception_snapshot_win.cc(87)] thread ID 14508 not found in process
[0619/034913.965:WARNING:crash_report_exception_handler.cc(60)] ProcessSnapshotWin::Initialize failed
[0619/034915.300:ERROR:process_reader_win.cc(114)] NtOpenThread: {Отказано в доступе} Процесс запросил доступ к объекту, но права на доступ не предоставлены.  (0xc0000022)
[0619/034915.301:ERROR:exception_snapshot_win.cc(87)] thread ID 2288 not found in process
[0619/034915.301:WARNING:crash_report_exception_handler.cc(60)] ProcessSnapshotWin::Initialize failed
[0619/041036.155:ERROR:process_reader_win.cc(114)] NtOpenThread: {Отказано в доступе} Процесс запросил доступ к объекту, но права на доступ не предоставлены.  (0xc0000022)
[0619/041036.155:ERROR:exception_snapshot_win.cc(87)] thread ID 15352 not found in process
[0619/041036.155:WARNING:crash_report_exception_handler.cc(60)] ProcessSnapshotWin::Initialize failed
[0619/041038.197:ERROR:process_reader_win.cc(114)] NtOpenThread: {Отказано в доступе} Процесс запросил доступ к объекту, но права на доступ не предоставлены.  (0xc0000022)
[0619/041038.197:ERROR:exception_snapshot_win.cc(87)] thread ID 15880 not found in process
[0619/041038.197:WARNING:crash_report_exception_handler.cc(60)] ProcessSnapshotWin::Initialize failed
[0619/041039.133:ERROR:process_reader_win.cc(114)] NtOpenThread: {Отказано в доступе} Процесс запросил доступ к объекту, но права на доступ не предоставлены.  (0xc0000022)
[0619/041039.134:ERROR:exception_snapshot_win.cc(87)] thread ID 16752 not found in process
[0619/041039.134:WARNING:crash_report_exception_handler.cc(60)] ProcessSnapshotWin::Initialize failed
[0619/041040.232:ERROR:process_reader_win.cc(114)] NtOpenThread: {Отказано в доступе} Процесс запросил доступ к объекту, но права на доступ не предоставлены.  (0xc0000022)
[0619/041040.232:ERROR:exception_snapshot_win.cc(87)] thread ID 18652 not found in process
[0619/041040.232:WARNING:crash_report_exception_handler.cc(60)] ProcessSnapshotWin::Initialize failed
[0619/122506.368:ERROR:process_reader_win.cc(114)] NtOpenThread: {Отказано в доступе} Процесс запросил доступ к объекту, но права на доступ не предоставлены.  (0xc0000022)
[0619/122506.369:ERROR:exception_snapshot_win.cc(87)] thread ID 25628 not found in process
[0619/122506.369:WARNING:crash_report_exception_handler.cc(60)] ProcessSnapshotWin::Initialize failed
[0619/122507.375:ERROR:process_reader_win.cc(114)] NtOpenThread: {Отказано в доступе} Процесс запросил доступ к объекту, но права на доступ не предоставлены.  (0xc0000022)
[0619/122507.376:ERROR:exception_snapshot_win.cc(87)] thread ID 26068 not found in process
[0619/122507.376:WARNING:crash_report_exception_handler.cc(60)] ProcessSnapshotWin::Initialize failed
[0619/122508.543:ERROR:process_reader_win.cc(114)] NtOpenThread: {Отказано в доступе} Процесс запросил доступ к объекту, но права на доступ не предоставлены.  (0xc0000022)
[0619/122508.543:ERROR:exception_snapshot_win.cc(87)] thread ID 26288 not found in process
[0619/122508.543:WARNING:crash_report_exception_handler.cc(60)] ProcessSnapshotWin::Initialize failed
[0619/122509.495:ERROR:process_reader_win.cc(114)] NtOpenThread: {Отказано в доступе} Процесс запросил доступ к объекту, но права на доступ не предоставлены.  (0xc0000022)
[0619/122509.495:ERROR:exception_snapshot_win.cc(87)] thread ID 19096 not found in process
[0619/122509.495:WARNING:crash_report_exception_handler.cc(60)] ProcessSnapshotWin::Initialize failed
[0619/135409.542:ERROR:process_reader_win.cc(114)] NtOpenThread: {Отказано в доступе} Процесс запросил доступ к объекту, но права на доступ не предоставлены.  (0xc0000022)
[0619/135409.543:ERROR:exception_snapshot_win.cc(87)] thread ID 20068 not found in process
[0619/135409.543:WARNING:crash_report_exception_handler.cc(60)] ProcessSnapshotWin::Initialize failed
[0620/231826.076:ERROR:process_reader_win.cc(114)] NtOpenThread: {Отказано в доступе} Процесс запросил доступ к объекту, но права на доступ не предоставлены.  (0xc0000022)
[0620/231826.077:ERROR:exception_snapshot_win.cc(87)] thread ID 3504 not found in process
[0620/231826.077:WARNING:crash_report_exception_handler.cc(60)] ProcessSnapshotWin::Initialize failed
[0620/231826.998:ERROR:process_reader_win.cc(114)] NtOpenThread: {Отказано в доступе} Процесс запросил доступ к объекту, но права на доступ не предоставлены.  (0xc0000022)
[0620/231826.999:ERROR:exception_snapshot_win.cc(87)] thread ID 13636 not found in process
[0620/231826.999:WARNING:crash_report_exception_handler.cc(60)] ProcessSnapshotWin::Initialize failed
[0621/233707.028:ERROR:process_reader_win.cc(114)] NtOpenThread: {Отказано в доступе} Процесс запросил доступ к объекту, но права на доступ не предоставлены.  (0xc0000022)
[0621/233707.030:ERROR:exception_snapshot_win.cc(87)] thread ID 15248 not found in process
[0621/233707.030:WARNING:crash_report_exception_handler.cc(60)] ProcessSnapshotWin::Initialize failed
[0626/002051.265:ERROR:process_reader_win.cc(123)] NtOpenThread: {Отказано в доступе} Процесс запросил доступ к объекту, но права на доступ не предоставлены.  (0xc0000022)
[0626/002051.267:ERROR:exception_snapshot_win.cc(87)] thread ID 4460 not found in process
[0626/002051.267:WARNING:crash_report_exception_handler.cc(62)] ProcessSnapshotWin::Initialize failed
[0628/230527.638:ERROR:process_reader_win.cc(123)] NtOpenThread: {Отказано в доступе} Процесс запросил доступ к объекту, но права на доступ не предоставлены.  (0xc0000022)
[0628/230527.638:ERROR:exception_snapshot_win.cc(87)] thread ID 752 not found in process
[0628/230527.638:WARNING:crash_report_exception_handler.cc(62)] ProcessSnapshotWin::Initialize failed
[0629/012236.222:ERROR:process_reader_win.cc(123)] NtOpenThread: {Отказано в доступе} Процесс запросил доступ к объекту, но права на доступ не предоставлены.  (0xc0000022)
[0629/012236.223:ERROR:exception_snapshot_win.cc(87)] thread ID 9676 not found in process
[0629/012236.223:WARNING:crash_report_exception_handler.cc(62)] ProcessSnapshotWin::Initialize failed
[0702/215708.619:ERROR:process_reader_win.cc(123)] NtOpenThread: {Отказано в доступе} Процесс запросил доступ к объекту, но права на доступ не предоставлены.  (0xc0000022)
[0702/215708.621:ERROR:exception_snapshot_win.cc(87)] thread ID 12216 not found in process
[0702/215708.621:WARNING:crash_report_exception_handler.cc(62)] ProcessSnapshotWin::Initialize failed
[0702/220558.235:ERROR:process_reader_win.cc(123)] NtOpenThread: {Отказано в доступе} Процесс запросил доступ к объекту, но права на доступ не предоставлены.  (0xc0000022)
[0702/220558.236:ERROR:exception_snapshot_win.cc(87)] thread ID 21068 not found in process
[0702/220558.236:WARNING:crash_report_exception_handler.cc(62)] ProcessSnapshotWin::Initialize failed
[0703/000015.000:ERROR:process_reader_win.cc(123)] NtOpenThread: {Отказано в доступе} Процесс запросил доступ к объекту, но права на доступ не предоставлены.  (0xc0000022)
[0703/000015.001:ERROR:exception_snapshot_win.cc(87)] thread ID 14380 not found in process
[0703/000015.001:WARNING:crash_report_exception_handler.cc(62)] ProcessSnapshotWin::Initialize failed
[0703/000530.775:ERROR:process_info.cc(631)] range at 0x3078321800000000, size 0x112 fully unreadable
[0703/000530.775:ERROR:process_info.cc(631)] range at 0x40bb31f000000000, size 0x233 fully unreadable
[0703/000530.775:ERROR:process_info.cc(631)] range at 0x3078327e00000000, size 0x112 fully unreadable
[0703/000530.775:ERROR:process_info.cc(631)] range at 0x40bb325600000000, size 0x233 fully unreadable
[0703/000530.775:ERROR:process_info.cc(631)] range at 0x0, size 0x112 fully unreadable
[0703/000530.775:ERROR:process_info.cc(631)] range at 0x0, size 0x233 fully unreadable
[0703/000530.801:ERROR:process_info.cc(379)] UncheckedAllocate
[0703/000530.802:ERROR:process_info.cc(379)] UncheckedAllocate
[0703/000556.597:ERROR:process_reader_win.cc(123)] NtOpenThread: {Отказано в доступе} Процесс запросил доступ к объекту, но права на доступ не предоставлены.  (0xc0000022)
[0703/000556.598:ERROR:exception_snapshot_win.cc(87)] thread ID 4984 not found in process
[0703/000556.598:WARNING:crash_report_exception_handler.cc(62)] ProcessSnapshotWin::Initialize failed
[0703/000557.508:ERROR:process_reader_win.cc(123)] NtOpenThread: {Отказано в доступе} Процесс запросил доступ к объекту, но права на доступ не предоставлены.  (0xc0000022)
[0703/000557.508:ERROR:exception_snapshot_win.cc(87)] thread ID 23364 not found in process
[0703/000557.509:WARNING:crash_report_exception_handler.cc(62)] ProcessSnapshotWin::Initialize failed
[0703/000558.251:ERROR:process_reader_win.cc(123)] NtOpenThread: {Отказано в доступе} Процесс запросил доступ к объекту, но права на доступ не предоставлены.  (0xc0000022)
[0703/000558.252:ERROR:exception_snapshot_win.cc(87)] thread ID 4808 not found in process
[0703/000558.252:WARNING:crash_report_exception_handler.cc(62)] ProcessSnapshotWin::Initialize failed
[0703/001757.083:ERROR:crashpad_client_win.cc(489)] CreateProcess: Недостаточно системных ресурсов для завершения операции. (0x5AA)
[0703/001816.509:ERROR:process_reader_win.cc(123)] NtOpenThread: {Отказано в доступе} Процесс запросил доступ к объекту, но права на доступ не предоставлены.  (0xc0000022)
[0703/001816.509:ERROR:exception_snapshot_win.cc(87)] thread ID 12248 not found in process
[0703/001816.509:WARNING:crash_report_exception_handler.cc(62)] ProcessSnapshotWin::Initialize failed
[0703/001817.515:ERROR:process_reader_win.cc(123)] NtOpenThread: {Отказано в доступе} Процесс запросил доступ к объекту, но права на доступ не предоставлены.  (0xc0000022)
[0703/001817.515:ERROR:exception_snapshot_win.cc(87)] thread ID 7776 not found in process
[0703/001817.515:WARNING:crash_report_exception_handler.cc(62)] ProcessSnapshotWin::Initialize failed
[0703/001818.291:ERROR:process_reader_win.cc(123)] NtOpenThread: {Отказано в доступе} Процесс запросил доступ к объекту, но права на доступ не предоставлены.  (0xc0000022)
[0703/001818.292:ERROR:exception_snapshot_win.cc(87)] thread ID 21096 not found in process
[0703/001818.292:WARNING:crash_report_exception_handler.cc(62)] ProcessSnapshotWin::Initialize failed
[0703/001819.300:ERROR:process_reader_win.cc(123)] NtOpenThread: {Отказано в доступе} Процесс запросил доступ к объекту, но права на доступ не предоставлены.  (0xc0000022)
[0703/001819.300:ERROR:exception_snapshot_win.cc(87)] thread ID 5516 not found in process
[0703/001819.300:WARNING:crash_report_exception_handler.cc(62)] ProcessSnapshotWin::Initialize failed
[0703/084114.750:ERROR:process_reader_win.cc(123)] NtOpenThread: {Отказано в доступе} Процесс запросил доступ к объекту, но права на доступ не предоставлены.  (0xc0000022)
[0703/084114.752:ERROR:exception_snapshot_win.cc(87)] thread ID 10728 not found in process
[0703/084114.752:WARNING:crash_report_exception_handler.cc(62)] ProcessSnapshotWin::Initialize failed
[0703/133915.317:ERROR:process_reader_win.cc(123)] NtOpenThread: {Отказано в доступе} Процесс запросил доступ к объекту, но права на доступ не предоставлены.  (0xc0000022)
[0703/133915.317:ERROR:exception_snapshot_win.cc(87)] thread ID 17060 not found in process
[0703/133915.317:WARNING:crash_report_exception_handler.cc(62)] ProcessSnapshotWin::Initialize failed
[0707/204910.283:ERROR:process_reader_win.cc(123)] NtOpenThread: {Отказано в доступе} Процесс запросил доступ к объекту, но права на доступ не предоставлены.  (0xc0000022)
[0707/204910.285:ERROR:exception_snapshot_win.cc(87)] thread ID 2680 not found in process
[0707/204910.285:WARNING:crash_report_exception_handler.cc(62)] ProcessSnapshotWin::Initialize failed
[0719/170747.277:ERROR:process_reader_win.cc(123)] NtOpenThread: {Отказано в доступе} Процесс запросил доступ к объекту, но права на доступ не предоставлены.  (0xc0000022)
[0719/170747.279:ERROR:exception_snapshot_win.cc(87)] thread ID 20336 not found in process
[0719/170747.279:WARNING:crash_report_exception_handler.cc(62)] ProcessSnapshotWin::Initialize failed
[0719/170749.225:ERROR:process_reader_win.cc(123)] NtOpenThread: {Отказано в доступе} Процесс запросил доступ к объекту, но права на доступ не предоставлены.  (0xc0000022)
[0719/170749.226:ERROR:exception_snapshot_win.cc(87)] thread ID 19072 not found in process
[0719/170749.226:WARNING:crash_report_exception_handler.cc(62)] ProcessSnapshotWin::Initialize failed
[0719/170750.572:ERROR:process_reader_win.cc(123)] NtOpenThread: {Отказано в доступе} Процесс запросил доступ к объекту, но права на доступ не предоставлены.  (0xc0000022)
[0719/170750.572:ERROR:exception_snapshot_win.cc(87)] thread ID 11448 not found in process
[0719/170750.572:WARNING:crash_report_exception_handler.cc(62)] ProcessSnapshotWin::Initialize failed
[0719/170752.849:ERROR:process_reader_win.cc(123)] NtOpenThread: {Отказано в доступе} Процесс запросил доступ к объекту, но права на доступ не предоставлены.  (0xc0000022)
[0719/170752.850:ERROR:exception_snapshot_win.cc(87)] thread ID 12580 not found in process
[0719/170752.850:WARNING:crash_report_exception_handler.cc(62)] ProcessSnapshotWin::Initialize failed
[0719/170805.587:ERROR:process_reader_win.cc(123)] NtOpenThread: {Отказано в доступе} Процесс запросил доступ к объекту, но права на доступ не предоставлены.  (0xc0000022)
[0719/170805.588:ERROR:exception_snapshot_win.cc(87)] thread ID 17720 not found in process
[0719/170805.588:WARNING:crash_report_exception_handler.cc(62)] ProcessSnapshotWin::Initialize failed
[0719/170807.034:ERROR:process_reader_win.cc(123)] NtOpenThread: {Отказано в доступе} Процесс запросил доступ к объекту, но права на доступ не предоставлены.  (0xc0000022)
[0719/170807.035:ERROR:exception_snapshot_win.cc(87)] thread ID 11840 not found in process
[0719/170807.035:WARNING:crash_report_exception_handler.cc(62)] ProcessSnapshotWin::Initialize failed
[0719/170808.674:ERROR:process_reader_win.cc(123)] NtOpenThread: {Отказано в доступе} Процесс запросил доступ к объекту, но права на доступ не предоставлены.  (0xc0000022)
[0719/170808.675:ERROR:exception_snapshot_win.cc(87)] thread ID 15636 not found in process
[0719/170808.675:WARNING:crash_report_exception_handler.cc(62)] ProcessSnapshotWin::Initialize failed
[0720/151901.475:ERROR:process_reader_win.cc(123)] NtOpenThread: {Отказано в доступе} Процесс запросил доступ к объекту, но права на доступ не предоставлены.  (0xc0000022)
[0720/151901.476:ERROR:exception_snapshot_win.cc(87)] thread ID 21892 not found in process
[0720/151901.476:WARNING:crash_report_exception_handler.cc(62)] ProcessSnapshotWin::Initialize failed
[0720/151903.414:ERROR:process_reader_win.cc(123)] NtOpenThread: {Отказано в доступе} Процесс запросил доступ к объекту, но права на доступ не предоставлены.  (0xc0000022)
[0720/151903.415:ERROR:exception_snapshot_win.cc(87)] thread ID 21932 not found in process
[0720/151903.415:WARNING:crash_report_exception_handler.cc(62)] ProcessSnapshotWin::Initialize failed
[0720/151905.110:ERROR:process_reader_win.cc(123)] NtOpenThread: {Отказано в доступе} Процесс запросил доступ к объекту, но права на доступ не предоставлены.  (0xc0000022)
[0720/151905.111:ERROR:exception_snapshot_win.cc(87)] thread ID 22084 not found in process
[0720/151905.111:WARNING:crash_report_exception_handler.cc(62)] ProcessSnapshotWin::Initialize failed
[0720/151907.606:ERROR:process_reader_win.cc(123)] NtOpenThread: {Отказано в доступе} Процесс запросил доступ к объекту, но права на доступ не предоставлены.  (0xc0000022)
[0720/151907.606:ERROR:exception_snapshot_win.cc(87)] thread ID 22148 not found in process
[0720/151907.606:WARNING:crash_report_exception_handler.cc(62)] ProcessSnapshotWin::Initialize failed
[0720/160556.437:ERROR:process_reader_win.cc(123)] NtOpenThread: {Отказано в доступе} Процесс запросил доступ к объекту, но права на доступ не предоставлены.  (0xc0000022)
[0720/160556.438:ERROR:exception_snapshot_win.cc(87)] thread ID 16380 not found in process
[0720/160556.438:WARNING:crash_report_exception_handler.cc(62)] ProcessSnapshotWin::Initialize failed
[0720/160557.914:ERROR:process_reader_win.cc(123)] NtOpenThread: {Отказано в доступе} Процесс запросил доступ к объекту, но права на доступ не предоставлены.  (0xc0000022)
[0720/160557.915:ERROR:exception_snapshot_win.cc(87)] thread ID 25880 not found in process
[0720/160557.915:WARNING:crash_report_exception_handler.cc(62)] ProcessSnapshotWin::Initialize failed
